<?xml version="1.0" encoding="UTF-8"?>
<testsuite xmlns:xsi="http://www.w3.org/2001/XMLSchema-instance" xsi:noNamespaceSchemaLocation="https://maven.apache.org/surefire/maven-surefire-plugin/xsd/surefire-test-report-3.0.xsd" version="3.0" name="edu.yu.cs.com1320.project.stage5.impl.DocumentImplTest" time="0.013" tests="14" errors="0" skipped="0" failures="0">
  <properties>
    <property name="java.specification.version" value="19"/>
    <property name="sun.jnu.encoding" value="UTF-8"/>
    <property name="java.class.path" value="/Users/noamroth/Noam_Roth_800681518/DataStructures/project/stage5/target/test-classes:/Users/noamroth/Noam_Roth_800681518/DataStructures/project/stage5/target/classes:/Users/noamroth/.m2/repository/org/junit/jupiter/junit-jupiter/5.8.1/junit-jupiter-5.8.1.jar:/Users/noamroth/.m2/repository/org/junit/jupiter/junit-jupiter-api/5.8.1/junit-jupiter-api-5.8.1.jar:/Users/noamroth/.m2/repository/org/opentest4j/opentest4j/1.2.0/opentest4j-1.2.0.jar:/Users/noamroth/.m2/repository/org/junit/platform/junit-platform-commons/1.8.1/junit-platform-commons-1.8.1.jar:/Users/noamroth/.m2/repository/org/apiguardian/apiguardian-api/1.1.2/apiguardian-api-1.1.2.jar:/Users/noamroth/.m2/repository/org/junit/jupiter/junit-jupiter-params/5.8.1/junit-jupiter-params-5.8.1.jar:/Users/noamroth/.m2/repository/org/junit/jupiter/junit-jupiter-engine/5.8.1/junit-jupiter-engine-5.8.1.jar:/Users/noamroth/.m2/repository/org/junit/platform/junit-platform-engine/1.8.1/junit-platform-engine-1.8.1.jar:/Users/noamroth/.m2/repository/org/jetbrains/annotations/24.0.1/annotations-24.0.1.jar:/Users/noamroth/.m2/repository/com/google/code/gson/gson/2.9.0/gson-2.9.0.jar:/Users/noamroth/.m2/repository/jakarta/xml/bind/jakarta.xml.bind-api/4.0.0/jakarta.xml.bind-api-4.0.0.jar:/Users/noamroth/.m2/repository/jakarta/activation/jakarta.activation-api/2.1.0/jakarta.activation-api-2.1.0.jar:/Users/noamroth/.m2/repository/com/sun/xml/bind/jaxb-impl/4.0.1/jaxb-impl-4.0.1.jar:/Users/noamroth/.m2/repository/com/sun/xml/bind/jaxb-core/4.0.1/jaxb-core-4.0.1.jar:/Users/noamroth/.m2/repository/org/eclipse/angus/angus-activation/1.0.0/angus-activation-1.0.0.jar:"/>
    <property name="java.vm.vendor" value="Homebrew"/>
    <property name="sun.arch.data.model" value="64"/>
    <property name="java.vendor.url" value="https://github.com/Homebrew/homebrew-core/issues"/>
    <property name="os.name" value="Mac OS X"/>
    <property name="java.vm.specification.version" value="19"/>
    <property name="sun.java.launcher" value="SUN_STANDARD"/>
    <property name="user.country" value="US"/>
    <property name="sun.boot.library.path" value="/opt/homebrew/Cellar/openjdk/19.0.2/libexec/openjdk.jdk/Contents/Home/lib"/>
    <property name="sun.java.command" value="/Users/noamroth/Noam_Roth_800681518/DataStructures/project/stage5/target/surefire/surefirebooter15821417097999174343.jar /Users/noamroth/Noam_Roth_800681518/DataStructures/project/stage5/target/surefire 2023-05-29T01-42-07_704-jvmRun1 surefire11361060796848591374tmp surefire_016357157469133541175tmp"/>
    <property name="http.nonProxyHosts" value="local|*.local|169.254/16|*.169.254/16"/>
    <property name="jdk.debug" value="release"/>
    <property name="surefire.test.class.path" value="/Users/noamroth/Noam_Roth_800681518/DataStructures/project/stage5/target/test-classes:/Users/noamroth/Noam_Roth_800681518/DataStructures/project/stage5/target/classes:/Users/noamroth/.m2/repository/org/junit/jupiter/junit-jupiter/5.8.1/junit-jupiter-5.8.1.jar:/Users/noamroth/.m2/repository/org/junit/jupiter/junit-jupiter-api/5.8.1/junit-jupiter-api-5.8.1.jar:/Users/noamroth/.m2/repository/org/opentest4j/opentest4j/1.2.0/opentest4j-1.2.0.jar:/Users/noamroth/.m2/repository/org/junit/platform/junit-platform-commons/1.8.1/junit-platform-commons-1.8.1.jar:/Users/noamroth/.m2/repository/org/apiguardian/apiguardian-api/1.1.2/apiguardian-api-1.1.2.jar:/Users/noamroth/.m2/repository/org/junit/jupiter/junit-jupiter-params/5.8.1/junit-jupiter-params-5.8.1.jar:/Users/noamroth/.m2/repository/org/junit/jupiter/junit-jupiter-engine/5.8.1/junit-jupiter-engine-5.8.1.jar:/Users/noamroth/.m2/repository/org/junit/platform/junit-platform-engine/1.8.1/junit-platform-engine-1.8.1.jar:/Users/noamroth/.m2/repository/org/jetbrains/annotations/24.0.1/annotations-24.0.1.jar:/Users/noamroth/.m2/repository/com/google/code/gson/gson/2.9.0/gson-2.9.0.jar:/Users/noamroth/.m2/repository/jakarta/xml/bind/jakarta.xml.bind-api/4.0.0/jakarta.xml.bind-api-4.0.0.jar:/Users/noamroth/.m2/repository/jakarta/activation/jakarta.activation-api/2.1.0/jakarta.activation-api-2.1.0.jar:/Users/noamroth/.m2/repository/com/sun/xml/bind/jaxb-impl/4.0.1/jaxb-impl-4.0.1.jar:/Users/noamroth/.m2/repository/com/sun/xml/bind/jaxb-core/4.0.1/jaxb-core-4.0.1.jar:/Users/noamroth/.m2/repository/org/eclipse/angus/angus-activation/1.0.0/angus-activation-1.0.0.jar:"/>
    <property name="sun.cpu.endian" value="little"/>
    <property name="user.home" value="/Users/noamroth"/>
    <property name="user.language" value="en"/>
    <property name="java.specification.vendor" value="Oracle Corporation"/>
    <property name="java.version.date" value="2023-01-17"/>
    <property name="java.home" value="/opt/homebrew/Cellar/openjdk/19.0.2/libexec/openjdk.jdk/Contents/Home"/>
    <property name="file.separator" value="/"/>
    <property name="basedir" value="/Users/noamroth/Noam_Roth_800681518/DataStructures/project/stage5"/>
    <property name="java.vm.compressedOopsMode" value="Zero based"/>
    <property name="line.separator" value="&#10;"/>
    <property name="java.vm.specification.vendor" value="Oracle Corporation"/>
    <property name="java.specification.name" value="Java Platform API Specification"/>
    <property name="apple.awt.application.name" value="ForkedBooter"/>
    <property name="surefire.real.class.path" value="/Users/noamroth/Noam_Roth_800681518/DataStructures/project/stage5/target/surefire/surefirebooter15821417097999174343.jar"/>
    <property name="sun.management.compiler" value="HotSpot 64-Bit Tiered Compilers"/>
    <property name="ftp.nonProxyHosts" value="local|*.local|169.254/16|*.169.254/16"/>
    <property name="java.runtime.version" value="19.0.2"/>
    <property name="user.name" value="noamroth"/>
    <property name="stdout.encoding" value="UTF-8"/>
    <property name="path.separator" value=":"/>
    <property name="os.version" value="13.3.1"/>
    <property name="java.runtime.name" value="OpenJDK Runtime Environment"/>
    <property name="file.encoding" value="UTF-8"/>
    <property name="java.vm.name" value="OpenJDK 64-Bit Server VM"/>
    <property name="java.vendor.version" value="Homebrew"/>
    <property name="localRepository" value="/Users/noamroth/.m2/repository"/>
    <property name="java.vendor.url.bug" value="https://github.com/Homebrew/homebrew-core/issues"/>
    <property name="java.io.tmpdir" value="/var/folders/wg/bll96z4n74n06f50mbhwz4t40000gn/T/"/>
    <property name="java.version" value="19.0.2"/>
    <property name="user.dir" value="/Users/noamroth/Noam_Roth_800681518/DataStructures/project/stage5"/>
    <property name="os.arch" value="aarch64"/>
    <property name="java.vm.specification.name" value="Java Virtual Machine Specification"/>
    <property name="native.encoding" value="UTF-8"/>
    <property name="java.library.path" value="/Users/noamroth/Library/Java/Extensions:/Library/Java/Extensions:/Network/Library/Java/Extensions:/System/Library/Java/Extensions:/usr/lib/java:."/>
    <property name="java.vm.info" value="mixed mode, sharing"/>
    <property name="stderr.encoding" value="UTF-8"/>
    <property name="java.vendor" value="Homebrew"/>
    <property name="java.vm.version" value="19.0.2"/>
    <property name="sun.io.unicode.encoding" value="UnicodeBig"/>
    <property name="socksNonProxyHosts" value="local|*.local|169.254/16|*.169.254/16"/>
    <property name="java.class.version" value="63.0"/>
  </properties>
  <testcase name="constructor1" classname="edu.yu.cs.com1320.project.stage5.impl.DocumentImplTest" time="0.002"/>
  <testcase name="constructor2" classname="edu.yu.cs.com1320.project.stage5.impl.DocumentImplTest" time="0.001"/>
  <testcase name="constructor3" classname="edu.yu.cs.com1320.project.stage5.impl.DocumentImplTest" time="0.001"/>
  <testcase name="constructor4" classname="edu.yu.cs.com1320.project.stage5.impl.DocumentImplTest" time="0"/>
  <testcase name="getKey" classname="edu.yu.cs.com1320.project.stage5.impl.DocumentImplTest" time="0"/>
  <testcase name="getDocumentTxt1" classname="edu.yu.cs.com1320.project.stage5.impl.DocumentImplTest" time="0.001"/>
  <testcase name="getWords1" classname="edu.yu.cs.com1320.project.stage5.impl.DocumentImplTest" time="0"/>
  <testcase name="getWords2" classname="edu.yu.cs.com1320.project.stage5.impl.DocumentImplTest" time="0"/>
  <testcase name="getWords3" classname="edu.yu.cs.com1320.project.stage5.impl.DocumentImplTest" time="0.001"/>
  <testcase name="getWords4" classname="edu.yu.cs.com1320.project.stage5.impl.DocumentImplTest" time="0.001"/>
  <testcase name="wordCount1" classname="edu.yu.cs.com1320.project.stage5.impl.DocumentImplTest" time="0"/>
  <testcase name="wordCount2" classname="edu.yu.cs.com1320.project.stage5.impl.DocumentImplTest" time="0"/>
  <testcase name="testEquals" classname="edu.yu.cs.com1320.project.stage5.impl.DocumentImplTest" time="0.001"/>
  <testcase name="getDocumentBinaryData" classname="edu.yu.cs.com1320.project.stage5.impl.DocumentImplTest" time="0"/>
</testsuite>