<?xml version="1.0" encoding="UTF-8"?>
<testsuite xmlns:xsi="http://www.w3.org/2001/XMLSchema-instance" xsi:noNamespaceSchemaLocation="https://maven.apache.org/surefire/maven-surefire-plugin/xsd/surefire-test-report-3.0.xsd" version="3.0" name="edu.yu.cs.com1320.project.stage5.impl.DocumentStoreImplTest" time="0.15" tests="71" errors="0" skipped="0" failures="0">
  <properties>
    <property name="java.specification.version" value="19"/>
    <property name="sun.jnu.encoding" value="UTF-8"/>
    <property name="java.class.path" value="/Users/noamroth/Noam_Roth_800681518/DataStructures/project/stage5/target/test-classes:/Users/noamroth/Noam_Roth_800681518/DataStructures/project/stage5/target/classes:/Users/noamroth/.m2/repository/org/junit/jupiter/junit-jupiter/5.8.1/junit-jupiter-5.8.1.jar:/Users/noamroth/.m2/repository/org/junit/jupiter/junit-jupiter-api/5.8.1/junit-jupiter-api-5.8.1.jar:/Users/noamroth/.m2/repository/org/opentest4j/opentest4j/1.2.0/opentest4j-1.2.0.jar:/Users/noamroth/.m2/repository/org/junit/platform/junit-platform-commons/1.8.1/junit-platform-commons-1.8.1.jar:/Users/noamroth/.m2/repository/org/apiguardian/apiguardian-api/1.1.2/apiguardian-api-1.1.2.jar:/Users/noamroth/.m2/repository/org/junit/jupiter/junit-jupiter-params/5.8.1/junit-jupiter-params-5.8.1.jar:/Users/noamroth/.m2/repository/org/junit/jupiter/junit-jupiter-engine/5.8.1/junit-jupiter-engine-5.8.1.jar:/Users/noamroth/.m2/repository/org/junit/platform/junit-platform-engine/1.8.1/junit-platform-engine-1.8.1.jar:/Users/noamroth/.m2/repository/org/jetbrains/annotations/24.0.1/annotations-24.0.1.jar:/Users/noamroth/.m2/repository/com/google/code/gson/gson/2.9.0/gson-2.9.0.jar:/Users/noamroth/.m2/repository/jakarta/xml/bind/jakarta.xml.bind-api/4.0.0/jakarta.xml.bind-api-4.0.0.jar:/Users/noamroth/.m2/repository/jakarta/activation/jakarta.activation-api/2.1.0/jakarta.activation-api-2.1.0.jar:/Users/noamroth/.m2/repository/com/sun/xml/bind/jaxb-impl/4.0.1/jaxb-impl-4.0.1.jar:/Users/noamroth/.m2/repository/com/sun/xml/bind/jaxb-core/4.0.1/jaxb-core-4.0.1.jar:/Users/noamroth/.m2/repository/org/eclipse/angus/angus-activation/1.0.0/angus-activation-1.0.0.jar:"/>
    <property name="java.vm.vendor" value="Homebrew"/>
    <property name="sun.arch.data.model" value="64"/>
    <property name="java.vendor.url" value="https://github.com/Homebrew/homebrew-core/issues"/>
    <property name="os.name" value="Mac OS X"/>
    <property name="java.vm.specification.version" value="19"/>
    <property name="sun.java.launcher" value="SUN_STANDARD"/>
    <property name="user.country" value="US"/>
    <property name="sun.boot.library.path" value="/opt/homebrew/Cellar/openjdk/19.0.2/libexec/openjdk.jdk/Contents/Home/lib"/>
    <property name="sun.java.command" value="/Users/noamroth/Noam_Roth_800681518/DataStructures/project/stage5/target/surefire/surefirebooter15821417097999174343.jar /Users/noamroth/Noam_Roth_800681518/DataStructures/project/stage5/target/surefire 2023-05-29T01-42-07_704-jvmRun1 surefire11361060796848591374tmp surefire_016357157469133541175tmp"/>
    <property name="http.nonProxyHosts" value="local|*.local|169.254/16|*.169.254/16"/>
    <property name="jdk.debug" value="release"/>
    <property name="surefire.test.class.path" value="/Users/noamroth/Noam_Roth_800681518/DataStructures/project/stage5/target/test-classes:/Users/noamroth/Noam_Roth_800681518/DataStructures/project/stage5/target/classes:/Users/noamroth/.m2/repository/org/junit/jupiter/junit-jupiter/5.8.1/junit-jupiter-5.8.1.jar:/Users/noamroth/.m2/repository/org/junit/jupiter/junit-jupiter-api/5.8.1/junit-jupiter-api-5.8.1.jar:/Users/noamroth/.m2/repository/org/opentest4j/opentest4j/1.2.0/opentest4j-1.2.0.jar:/Users/noamroth/.m2/repository/org/junit/platform/junit-platform-commons/1.8.1/junit-platform-commons-1.8.1.jar:/Users/noamroth/.m2/repository/org/apiguardian/apiguardian-api/1.1.2/apiguardian-api-1.1.2.jar:/Users/noamroth/.m2/repository/org/junit/jupiter/junit-jupiter-params/5.8.1/junit-jupiter-params-5.8.1.jar:/Users/noamroth/.m2/repository/org/junit/jupiter/junit-jupiter-engine/5.8.1/junit-jupiter-engine-5.8.1.jar:/Users/noamroth/.m2/repository/org/junit/platform/junit-platform-engine/1.8.1/junit-platform-engine-1.8.1.jar:/Users/noamroth/.m2/repository/org/jetbrains/annotations/24.0.1/annotations-24.0.1.jar:/Users/noamroth/.m2/repository/com/google/code/gson/gson/2.9.0/gson-2.9.0.jar:/Users/noamroth/.m2/repository/jakarta/xml/bind/jakarta.xml.bind-api/4.0.0/jakarta.xml.bind-api-4.0.0.jar:/Users/noamroth/.m2/repository/jakarta/activation/jakarta.activation-api/2.1.0/jakarta.activation-api-2.1.0.jar:/Users/noamroth/.m2/repository/com/sun/xml/bind/jaxb-impl/4.0.1/jaxb-impl-4.0.1.jar:/Users/noamroth/.m2/repository/com/sun/xml/bind/jaxb-core/4.0.1/jaxb-core-4.0.1.jar:/Users/noamroth/.m2/repository/org/eclipse/angus/angus-activation/1.0.0/angus-activation-1.0.0.jar:"/>
    <property name="sun.cpu.endian" value="little"/>
    <property name="user.home" value="/Users/noamroth"/>
    <property name="user.language" value="en"/>
    <property name="java.specification.vendor" value="Oracle Corporation"/>
    <property name="java.version.date" value="2023-01-17"/>
    <property name="java.home" value="/opt/homebrew/Cellar/openjdk/19.0.2/libexec/openjdk.jdk/Contents/Home"/>
    <property name="file.separator" value="/"/>
    <property name="basedir" value="/Users/noamroth/Noam_Roth_800681518/DataStructures/project/stage5"/>
    <property name="java.vm.compressedOopsMode" value="Zero based"/>
    <property name="line.separator" value="&#10;"/>
    <property name="java.vm.specification.vendor" value="Oracle Corporation"/>
    <property name="java.specification.name" value="Java Platform API Specification"/>
    <property name="apple.awt.application.name" value="ForkedBooter"/>
    <property name="surefire.real.class.path" value="/Users/noamroth/Noam_Roth_800681518/DataStructures/project/stage5/target/surefire/surefirebooter15821417097999174343.jar"/>
    <property name="sun.management.compiler" value="HotSpot 64-Bit Tiered Compilers"/>
    <property name="ftp.nonProxyHosts" value="local|*.local|169.254/16|*.169.254/16"/>
    <property name="java.runtime.version" value="19.0.2"/>
    <property name="user.name" value="noamroth"/>
    <property name="stdout.encoding" value="UTF-8"/>
    <property name="path.separator" value=":"/>
    <property name="os.version" value="13.3.1"/>
    <property name="java.runtime.name" value="OpenJDK Runtime Environment"/>
    <property name="file.encoding" value="UTF-8"/>
    <property name="java.vm.name" value="OpenJDK 64-Bit Server VM"/>
    <property name="java.vendor.version" value="Homebrew"/>
    <property name="localRepository" value="/Users/noamroth/.m2/repository"/>
    <property name="java.vendor.url.bug" value="https://github.com/Homebrew/homebrew-core/issues"/>
    <property name="java.io.tmpdir" value="/var/folders/wg/bll96z4n74n06f50mbhwz4t40000gn/T/"/>
    <property name="java.version" value="19.0.2"/>
    <property name="user.dir" value="/Users/noamroth/Noam_Roth_800681518/DataStructures/project/stage5"/>
    <property name="os.arch" value="aarch64"/>
    <property name="java.vm.specification.name" value="Java Virtual Machine Specification"/>
    <property name="native.encoding" value="UTF-8"/>
    <property name="java.library.path" value="/Users/noamroth/Library/Java/Extensions:/Library/Java/Extensions:/Network/Library/Java/Extensions:/System/Library/Java/Extensions:/usr/lib/java:."/>
    <property name="java.vm.info" value="mixed mode, sharing"/>
    <property name="stderr.encoding" value="UTF-8"/>
    <property name="java.vendor" value="Homebrew"/>
    <property name="java.vm.version" value="19.0.2"/>
    <property name="sun.io.unicode.encoding" value="UnicodeBig"/>
    <property name="socksNonProxyHosts" value="local|*.local|169.254/16|*.169.254/16"/>
    <property name="java.class.version" value="63.0"/>
  </properties>
  <testcase name="testArrayDoubling" classname="edu.yu.cs.com1320.project.stage5.impl.DocumentStoreImplTest" time="0.038"/>
  <testcase name="testPutNewVersionOfDocumentBinary" classname="edu.yu.cs.com1320.project.stage5.impl.DocumentStoreImplTest" time="0.001"/>
  <testcase name="stage5PushToDiskViaMaxDocCount" classname="edu.yu.cs.com1320.project.stage5.impl.DocumentStoreImplTest" time="0"/>
  <testcase name="stage3UndoByURIThatImpactsEarlierThanLast" classname="edu.yu.cs.com1320.project.stage5.impl.DocumentStoreImplTest" time="0.002"/>
  <testcase name="delete" classname="edu.yu.cs.com1320.project.stage5.impl.DocumentStoreImplTest" time="0.002"/>
  <testcase name="testUndo1" classname="edu.yu.cs.com1320.project.stage5.impl.DocumentStoreImplTest" time="0.001"/>
  <testcase name="testUndo2" classname="edu.yu.cs.com1320.project.stage5.impl.DocumentStoreImplTest" time="0.002"/>
  <testcase name="testUndo3" classname="edu.yu.cs.com1320.project.stage5.impl.DocumentStoreImplTest" time="0.001"/>
  <testcase name="testUndo4" classname="edu.yu.cs.com1320.project.stage5.impl.DocumentStoreImplTest" time="0.001"/>
  <testcase name="deleteAllWithPrefixUndo1" classname="edu.yu.cs.com1320.project.stage5.impl.DocumentStoreImplTest" time="0.005"/>
  <testcase name="deleteAllWithPrefixUndo2" classname="edu.yu.cs.com1320.project.stage5.impl.DocumentStoreImplTest" time="0.001"/>
  <testcase name="searchByPrefix1" classname="edu.yu.cs.com1320.project.stage5.impl.DocumentStoreImplTest" time="0.001"/>
  <testcase name="searchByPrefix2" classname="edu.yu.cs.com1320.project.stage5.impl.DocumentStoreImplTest" time="0.001"/>
  <testcase name="searchByPrefix3" classname="edu.yu.cs.com1320.project.stage5.impl.DocumentStoreImplTest" time="0.001"/>
  <testcase name="deleteAllWithPrefix1" classname="edu.yu.cs.com1320.project.stage5.impl.DocumentStoreImplTest" time="0.001"/>
  <testcase name="search" classname="edu.yu.cs.com1320.project.stage5.impl.DocumentStoreImplTest" time="0.001"/>
  <testcase name="putLimit1" classname="edu.yu.cs.com1320.project.stage5.impl.DocumentStoreImplTest" time="0.002"/>
  <testcase name="putLimit2" classname="edu.yu.cs.com1320.project.stage5.impl.DocumentStoreImplTest" time="0.002"/>
  <testcase name="testPutNewVersionOfDocumentTxt" classname="edu.yu.cs.com1320.project.stage5.impl.DocumentStoreImplTest" time="0.001"/>
  <testcase name="deleteAll" classname="edu.yu.cs.com1320.project.stage5.impl.DocumentStoreImplTest" time="0"/>
  <testcase name="deleteAllUndo1" classname="edu.yu.cs.com1320.project.stage5.impl.DocumentStoreImplTest" time="0"/>
  <testcase name="deleteAllUndo2" classname="edu.yu.cs.com1320.project.stage5.impl.DocumentStoreImplTest" time="0"/>
  <testcase name="deleteAllUndo3" classname="edu.yu.cs.com1320.project.stage5.impl.DocumentStoreImplTest" time="0"/>
  <testcase name="deleteAllUndoUpdate1" classname="edu.yu.cs.com1320.project.stage5.impl.DocumentStoreImplTest" time="0"/>
  <testcase name="get" classname="edu.yu.cs.com1320.project.stage5.impl.DocumentStoreImplTest" time="0"/>
  <testcase name="put1" classname="edu.yu.cs.com1320.project.stage5.impl.DocumentStoreImplTest" time="0.001"/>
  <testcase name="put2" classname="edu.yu.cs.com1320.project.stage5.impl.DocumentStoreImplTest" time="0"/>
  <testcase name="put3" classname="edu.yu.cs.com1320.project.stage5.impl.DocumentStoreImplTest" time="0.001"/>
  <testcase name="put4" classname="edu.yu.cs.com1320.project.stage5.impl.DocumentStoreImplTest" time="0"/>
  <testcase name="put5" classname="edu.yu.cs.com1320.project.stage5.impl.DocumentStoreImplTest" time="0"/>
  <testcase name="put6" classname="edu.yu.cs.com1320.project.stage5.impl.DocumentStoreImplTest" time="0.001"/>
  <testcase name="undo1" classname="edu.yu.cs.com1320.project.stage5.impl.DocumentStoreImplTest" time="0.001"/>
  <testcase name="undo2" classname="edu.yu.cs.com1320.project.stage5.impl.DocumentStoreImplTest" time="0"/>
  <testcase name="testUndoURI1" classname="edu.yu.cs.com1320.project.stage5.impl.DocumentStoreImplTest" time="0.001"/>
  <testcase name="testUndoURI2" classname="edu.yu.cs.com1320.project.stage5.impl.DocumentStoreImplTest" time="0"/>
  <testcase name="testUndoURI3" classname="edu.yu.cs.com1320.project.stage5.impl.DocumentStoreImplTest" time="0"/>
  <testcase name="testUndoURI4" classname="edu.yu.cs.com1320.project.stage5.impl.DocumentStoreImplTest" time="0.022"/>
  <testcase name="testUndoURI6" classname="edu.yu.cs.com1320.project.stage5.impl.DocumentStoreImplTest" time="0"/>
  <testcase name="testUndoURI7" classname="edu.yu.cs.com1320.project.stage5.impl.DocumentStoreImplTest" time="0"/>
  <testcase name="testUndoURI8" classname="edu.yu.cs.com1320.project.stage5.impl.DocumentStoreImplTest" time="0"/>
  <testcase name="testUndoURI9" classname="edu.yu.cs.com1320.project.stage5.impl.DocumentStoreImplTest" time="0.001"/>
  <testcase name="testDeleteDoc" classname="edu.yu.cs.com1320.project.stage5.impl.DocumentStoreImplTest" time="0"/>
  <testcase name="stage5PushToDiskViaMaxDocCountBringBackInViaDeleteAndSearch" classname="edu.yu.cs.com1320.project.stage5.impl.DocumentStoreImplTest" time="0.001"/>
  <testcase name="testDeleteDocReturnValue" classname="edu.yu.cs.com1320.project.stage5.impl.DocumentStoreImplTest" time="0.001"/>
  <testcase name="setMaxDocumentBytes1" classname="edu.yu.cs.com1320.project.stage5.impl.DocumentStoreImplTest" time="0.002"/>
  <testcase name="setMaxDocumentBytes2" classname="edu.yu.cs.com1320.project.stage5.impl.DocumentStoreImplTest" time="0.003"/>
  <testcase name="setMaxDocumentBytes3" classname="edu.yu.cs.com1320.project.stage5.impl.DocumentStoreImplTest" time="0.002"/>
  <testcase name="setMaxDocumentBytes4" classname="edu.yu.cs.com1320.project.stage5.impl.DocumentStoreImplTest" time="0.001"/>
  <testcase name="setMaxDocumentCount1" classname="edu.yu.cs.com1320.project.stage5.impl.DocumentStoreImplTest" time="0.002"/>
  <testcase name="setMaxDocumentCount2" classname="edu.yu.cs.com1320.project.stage5.impl.DocumentStoreImplTest" time="0.001"/>
  <testcase name="setMaxDocumentCount3" classname="edu.yu.cs.com1320.project.stage5.impl.DocumentStoreImplTest" time="0.004"/>
  <testcase name="setMaxDocumentCount4" classname="edu.yu.cs.com1320.project.stage5.impl.DocumentStoreImplTest" time="0.001"/>
  <testcase name="stage5PushToDiskViaMaxDocCountViaUndoDelete" classname="edu.yu.cs.com1320.project.stage5.impl.DocumentStoreImplTest" time="0"/>
  <testcase name="testDeleteDoc2" classname="edu.yu.cs.com1320.project.stage5.impl.DocumentStoreImplTest" time="0.001"/>
  <testcase name="testDeleteDoc3" classname="edu.yu.cs.com1320.project.stage5.impl.DocumentStoreImplTest" time="0.001"/>
  <testcase name="testDeleteDoc4" classname="edu.yu.cs.com1320.project.stage5.impl.DocumentStoreImplTest" time="0.001"/>
  <testcase name="searchUpdate1" classname="edu.yu.cs.com1320.project.stage5.impl.DocumentStoreImplTest" time="0.002"/>
  <testcase name="searchPrefixUpdate1" classname="edu.yu.cs.com1320.project.stage5.impl.DocumentStoreImplTest" time="0.001"/>
  <testcase name="testGetTxtDoc" classname="edu.yu.cs.com1320.project.stage5.impl.DocumentStoreImplTest" time="0.001"/>
  <testcase name="deleteAllWithPrefixUndoUpdate1" classname="edu.yu.cs.com1320.project.stage5.impl.DocumentStoreImplTest" time="0.001"/>
  <testcase name="deleteAllWithPrefixUndoUpdate2" classname="edu.yu.cs.com1320.project.stage5.impl.DocumentStoreImplTest" time="0.002"/>
  <testcase name="undoLimit1" classname="edu.yu.cs.com1320.project.stage5.impl.DocumentStoreImplTest" time="0.002"/>
  <testcase name="undoLimit2" classname="edu.yu.cs.com1320.project.stage5.impl.DocumentStoreImplTest" time="0.002"/>
  <testcase name="undoByURIWhenEmptyShouldThrow" classname="edu.yu.cs.com1320.project.stage5.impl.DocumentStoreImplTest" time="0.001"/>
  <testcase name="deleteAll1" classname="edu.yu.cs.com1320.project.stage5.impl.DocumentStoreImplTest" time="0.002"/>
  <testcase name="deleteAll2" classname="edu.yu.cs.com1320.project.stage5.impl.DocumentStoreImplTest" time="0"/>
  <testcase name="putUndo1" classname="edu.yu.cs.com1320.project.stage5.impl.DocumentStoreImplTest" time="0"/>
  <testcase name="putUndo2" classname="edu.yu.cs.com1320.project.stage5.impl.DocumentStoreImplTest" time="0.001"/>
  <testcase name="testGetTxtDocAsBinary" classname="edu.yu.cs.com1320.project.stage5.impl.DocumentStoreImplTest" time="0"/>
  <testcase name="testDeleteDocReturnValue2" classname="edu.yu.cs.com1320.project.stage5.impl.DocumentStoreImplTest" time="0.001"/>
  <testcase name="testDeleteDocReturnValue3" classname="edu.yu.cs.com1320.project.stage5.impl.DocumentStoreImplTest" time="0.002"/>
</testsuite>